
Baseline + LDA
 ---------------------------- BEGIN EXECUTION ---------------------------- 
Accuracy Score = 0.613102725367
AUC_ROC = 0.648303074254

 ---------------------------- END EXECUTION ---------------------------- 


Baseline
 ---------------------------- BEGIN EXECUTION ---------------------------- 
Accuracy Score = 0.677201257862
AUC_ROC = 0.740781344333

 ---------------------------- END EXECUTION ---------------------------- 



 ---------------------------- BEGIN EXECUTION ---------------------------- 

 ---------------------------- BEGIN EXECUTION ---------------------------- 
Accuracy Score = 0.604507337526


Baseline + LDA (LR)
 ---------------------------- BEGIN EXECUTION ---------------------------- 
Accuracy Score = 0.610324947589
AUC_ROC = 0.641469488234

 ---------------------------- END EXECUTION ---------------------------- 


Baseline (LR)
 ---------------------------- BEGIN EXECUTION ---------------------------- 
Accuracy Score = 0.680974842767
AUC_ROC = 0.744275863557

 ---------------------------- END EXECUTION ---------------------------- 



 ---------------------------- BEGIN EXECUTION ---------------------------- 
Accuracy Score = 0.610324947589
AUC_ROC = 0.641469488234

 ---------------------------- END EXECUTION ---------------------------- 



 ---------------------------- BEGIN EXECUTION ---------------------------- 

 ---------------------------- BEGIN EXECUTION ---------------------------- 
Accuracy Score = 0.628983228512
AUC_ROC = 0.6663938618

 ---------------------------- END EXECUTION ---------------------------- 



 ---------------------------- BEGIN EXECUTION ---------------------------- 
Accuracy Score = 0.628983228512
AUC_ROC = 0.6663938618

 ---------------------------- END EXECUTION ---------------------------- 



 ---------------------------- BEGIN EXECUTION ---------------------------- 
Accuracy Score = 0.628983228512
AUC_ROC = 0.6663938618

 ---------------------------- END EXECUTION ---------------------------- 



 ---------------------------- BEGIN EXECUTION ---------------------------- 
Accuracy Score = 0.610324947589
AUC_ROC = 0.641469488234

 ---------------------------- END EXECUTION ---------------------------- 



 ---------------------------- BEGIN EXECUTION ---------------------------- 
Accuracy Score = 0.615513626834
AUC_ROC = 0.652914729128

 ---------------------------- END EXECUTION ---------------------------- 



 ---------------------------- BEGIN EXECUTION ---------------------------- 
Accuracy Score = 0.523270440252
AUC_ROC = 0.509233109281

 ---------------------------- END EXECUTION ---------------------------- 



 ---------------------------- BEGIN EXECUTION ---------------------------- 
Accuracy Score = 0.628721174004
AUC_ROC = 0.666464016409

 ---------------------------- END EXECUTION ---------------------------- 



 ---------------------------- BEGIN EXECUTION ---------------------------- 

 ---------------------------- BEGIN EXECUTION ---------------------------- 

 ---------------------------- BEGIN EXECUTION ---------------------------- 

 ---------------------------- BEGIN EXECUTION ---------------------------- 

 ---------------------------- BEGIN EXECUTION ---------------------------- 

 ---------------------------- BEGIN EXECUTION ---------------------------- 
Accuracy Score = 0.555922431866
AUC_ROC = 0.569990875769

 ---------------------------- END EXECUTION ---------------------------- 

